Using pre-set license
Built from '2020.3/staging' branch; Version is '2020.3.26f1 (7298b473bc1a) revision 7510196'; Using compiler version '192528614'; Build Type 'Release'
OS: 'Windows 10  (10.0.19043) 64bit Professional' Language: 'ru' Physical Memory: 16333 MB
BatchMode: 1, IsHumanControllingUs: 0, StartBugReporterOnCrash: 0, Is64bit: 1, IsPro: 0

COMMAND LINE ARGUMENTS:
C:\Program Files\Unity\Hub\Editor\2020.3.26f1\Editor\Unity.exe
-adb2
-batchMode
-noUpm
-name
AssetImportWorker0
-projectPath
C:/Users/VADIM/Desktop/GitHub/KnifeThrower
-logFile
Logs/AssetImportWorker0.log
-srvPort
55125
Successfully changed project path to: C:/Users/VADIM/Desktop/GitHub/KnifeThrower
C:/Users/VADIM/Desktop/GitHub/KnifeThrower
Using Asset Import Pipeline V2.
Refreshing native plugins compatible for Editor in 41.64 ms, found 2 plugins.
Preloading 0 native plugins for Editor in 0.00 ms.
Initialize engine version: 2020.3.26f1 (7298b473bc1a)
[Subsystems] Discovering subsystems at path C:/Program Files/Unity/Hub/Editor/2020.3.26f1/Editor/Data/Resources/UnitySubsystems
[Subsystems] Discovering subsystems at path C:/Users/VADIM/Desktop/GitHub/KnifeThrower/Assets
GfxDevice: creating device client; threaded=0
Direct3D:
    Version:  Direct3D 11.0 [level 11.1]
    Renderer: NVIDIA GeForce GTX 1660 Ti (ID=0x2182)
    Vendor:   
    VRAM:     5991 MB
    Driver:   30.0.14.9613
Initialize mono
Mono path[0] = 'C:/Program Files/Unity/Hub/Editor/2020.3.26f1/Editor/Data/Managed'
Mono path[1] = 'C:/Program Files/Unity/Hub/Editor/2020.3.26f1/Editor/Data/MonoBleedingEdge/lib/mono/unityjit'
Mono config path = 'C:/Program Files/Unity/Hub/Editor/2020.3.26f1/Editor/Data/MonoBleedingEdge/etc'
Using monoOptions --debugger-agent=transport=dt_socket,embedding=1,server=y,suspend=n,address=127.0.0.1:56324
Begin MonoManager ReloadAssembly
Registering precompiled unity dll's ...
Register platform support module: C:/Program Files/Unity/Hub/Editor/2020.3.26f1/Editor/Data/PlaybackEngines/WindowsStandaloneSupport/UnityEditor.WindowsStandalone.Extensions.dll
Registered in 0.002307 seconds.
Native extension for WindowsStandalone target not found
Refreshing native plugins compatible for Editor in 35.87 ms, found 2 plugins.
Preloading 0 native plugins for Editor in 0.00 ms.
Mono: successfully reloaded assembly
- Completed reload, in  0.661 seconds
Domain Reload Profiling:
	ReloadAssembly (661ms)
		BeginReloadAssembly (68ms)
			ExecutionOrderSort (0ms)
			DisableScriptedObjects (0ms)
			BackupInstance (0ms)
			ReleaseScriptingObjects (0ms)
			CreateAndSetChildDomain (1ms)
		EndReloadAssembly (504ms)
			LoadAssemblies (65ms)
			RebuildTransferFunctionScriptingTraits (0ms)
			SetupTypeCache (177ms)
			ReleaseScriptCaches (0ms)
			RebuildScriptCaches (35ms)
			SetupLoadedEditorAssemblies (180ms)
				LogAssemblyErrors (0ms)
				InitializePlatformSupportModulesInManaged (5ms)
				SetLoadedEditorAssemblies (0ms)
				RefreshPlugins (36ms)
				BeforeProcessingInitializeOnLoad (15ms)
				ProcessInitializeOnLoadAttributes (92ms)
				ProcessInitializeOnLoadMethodAttributes (32ms)
				AfterProcessingInitializeOnLoad (0ms)
				EditorAssembliesLoaded (0ms)
			ExecutionOrderSort2 (0ms)
			AwakeInstancesAfterBackupRestoration (0ms)
Platform modules already initialized, skipping
Registering precompiled user dll's ...
Registered in 0.005379 seconds.
Begin MonoManager ReloadAssembly
Native extension for WindowsStandalone target not found
Refreshing native plugins compatible for Editor in 0.36 ms, found 2 plugins.
Preloading 0 native plugins for Editor in 0.00 ms.
Mono: successfully reloaded assembly
- Completed reload, in  1.181 seconds
Domain Reload Profiling:
	ReloadAssembly (1182ms)
		BeginReloadAssembly (179ms)
			ExecutionOrderSort (0ms)
			DisableScriptedObjects (6ms)
			BackupInstance (0ms)
			ReleaseScriptingObjects (0ms)
			CreateAndSetChildDomain (35ms)
		EndReloadAssembly (928ms)
			LoadAssemblies (103ms)
			RebuildTransferFunctionScriptingTraits (0ms)
			SetupTypeCache (319ms)
			ReleaseScriptCaches (0ms)
			RebuildScriptCaches (53ms)
			SetupLoadedEditorAssemblies (354ms)
				LogAssemblyErrors (0ms)
				InitializePlatformSupportModulesInManaged (5ms)
				SetLoadedEditorAssemblies (1ms)
				RefreshPlugins (0ms)
				BeforeProcessingInitializeOnLoad (106ms)
				ProcessInitializeOnLoadAttributes (223ms)
				ProcessInitializeOnLoadMethodAttributes (10ms)
				AfterProcessingInitializeOnLoad (9ms)
				EditorAssembliesLoaded (0ms)
			ExecutionOrderSort2 (0ms)
			AwakeInstancesAfterBackupRestoration (7ms)
Platform modules already initialized, skipping
========================================================================
Worker process is ready to serve import requests
Launched and connected shader compiler UnityShaderCompiler.exe after 0.05 seconds
Refreshing native plugins compatible for Editor in 0.40 ms, found 2 plugins.
Preloading 0 native plugins for Editor in 0.00 ms.
Unloading 1539 Unused Serialized files (Serialized files now loaded: 0)
System memory in use before: 82.4 MB.
System memory in use after: 82.5 MB.

Unloading 19 unused Assets to reduce memory usage. Loaded Objects now: 1991.
Total: 3.030800 ms (FindLiveObjects: 0.162000 ms CreateObjectMapping: 0.037800 ms MarkObjects: 2.756600 ms  DeleteObjects: 0.073200 ms)

AssetImportParameters requested are different than current active one (requested -> active):
  custom:framework-win-MediaFoundation: 216162199b28c13a410421893ffa2e32 -> 
  custom:video-decoder-ogg-theora: a1e56fd34408186e4bbccfd4996cb3dc -> 
  custom:container-muxer-webm: aa71ff27fc2769a1b78a27578f13a17b -> 
  custom:container-demuxer-webm: 4f35f7cbe854078d1ac9338744f61a02 -> 
  custom:container-demuxer-ogg: 62fdf1f143b41e24485cea50d1cbac27 -> 
  custom:video-encoder-webm-vp8: eb34c28f22e8b96e1ab97ce403110664 -> 
  custom:video-decoder-webm-vp8: 9c59270c3fd7afecdb556c50c9e8de78 -> 
  custom:audio-decoder-ogg-vorbis: bf7c407c2cedff20999df2af8eb42d56 -> 
  custom:audio-encoder-webm-vorbis: bf7c407c2cedff20999df2af8eb42d56 -> 
========================================================================
Received Import Request.
  path: Assets/Resources/untitled.blend
  artifactKey: Guid(503fa5dee2d4cc84abdec30842888625) Importer(815301076,1909f56bfc062723c751e8b465ee728b)
Start importing Assets/Resources/untitled.blend using Guid(503fa5dee2d4cc84abdec30842888625) Importer(815301076,1909f56bfc062723c751e8b465ee728b)  -> (artifact id: 'a3fd773587b5d2f7a1a46152a4fc7327') in 0.176563 seconds 
  Import took 0.179143 seconds .

========================================================================
Received Import Request.
  Time since last request: 16.996496 seconds.
  path: Assets/Resources/Particle System.prefab
  artifactKey: Guid(25541392778949945b39283d1df00ee3) Importer(815301076,1909f56bfc062723c751e8b465ee728b)
Start importing Assets/Resources/Particle System.prefab using Guid(25541392778949945b39283d1df00ee3) Importer(815301076,1909f56bfc062723c751e8b465ee728b) Particle system meshes will only work with exactly one (1) sub mesh
Particle system meshes will only work with exactly one (1) sub mesh
UnityEngine.StackTraceUtility:ExtractStackTrace ()
UnityEditor.EditorUtility:Internal_InstantiateRemoveAllNonAnimationComponentsSingle (UnityEngine.Object,UnityEngine.Vector3,UnityEngine.Quaternion)
UnityEditor.EditorUtility:InstantiateRemoveAllNonAnimationComponents (UnityEngine.Object,UnityEngine.Vector3,UnityEngine.Quaternion)
UnityEditor.EditorUtility:InstantiateForAnimatorPreview (UnityEngine.Object)
UnityEditor.GameObjectInspector/PreviewData:UpdateGameObject (UnityEngine.Object)
UnityEditor.GameObjectInspector/PreviewData:.ctor (UnityEngine.Object)
UnityEditor.GameObjectInspector:GetPreviewData ()
UnityEditor.GameObjectInspector:RenderStaticPreview (string,UnityEngine.Object[],int,int)
UnityEditor.AssetPreviewUpdater:CreatePreviewForAsset (UnityEngine.Object,UnityEngine.Object[],string)

[C:\buildslave\unity\build\Modules/ParticleSystem/ParticleSystemRenderer.cpp line 277]

 -> (artifact id: '6700d8d026d1a7ca1557288c2b121545') in 0.023654 seconds 
  Import took 0.026686 seconds .

========================================================================
Received Import Request.
  Time since last request: 0.760907 seconds.
  path: Assets/Resources/Particle System.prefab
  artifactKey: Guid(25541392778949945b39283d1df00ee3) Importer(815301076,1909f56bfc062723c751e8b465ee728b)
Start importing Assets/Resources/Particle System.prefab using Guid(25541392778949945b39283d1df00ee3) Importer(815301076,1909f56bfc062723c751e8b465ee728b) Particle system meshes will only work with exactly one (1) sub mesh
Particle system meshes will only work with exactly one (1) sub mesh
UnityEngine.StackTraceUtility:ExtractStackTrace ()
UnityEditor.EditorUtility:Internal_InstantiateRemoveAllNonAnimationComponentsSingle (UnityEngine.Object,UnityEngine.Vector3,UnityEngine.Quaternion)
UnityEditor.EditorUtility:InstantiateRemoveAllNonAnimationComponents (UnityEngine.Object,UnityEngine.Vector3,UnityEngine.Quaternion)
UnityEditor.EditorUtility:InstantiateForAnimatorPreview (UnityEngine.Object)
UnityEditor.GameObjectInspector/PreviewData:UpdateGameObject (UnityEngine.Object)
UnityEditor.GameObjectInspector/PreviewData:.ctor (UnityEngine.Object)
UnityEditor.GameObjectInspector:GetPreviewData ()
UnityEditor.GameObjectInspector:RenderStaticPreview (string,UnityEngine.Object[],int,int)
UnityEditor.AssetPreviewUpdater:CreatePreviewForAsset (UnityEngine.Object,UnityEngine.Object[],string)

[C:\buildslave\unity\build\Modules/ParticleSystem/ParticleSystemRenderer.cpp line 277]

 -> (artifact id: '423fd2b84d172d777a55e0adf5738392') in 0.014180 seconds 
  Import took 0.017532 seconds .

========================================================================
Received Import Request.
  Time since last request: 1.387879 seconds.
  path: Assets/Resources/Particle System.prefab
  artifactKey: Guid(25541392778949945b39283d1df00ee3) Importer(815301076,1909f56bfc062723c751e8b465ee728b)
Start importing Assets/Resources/Particle System.prefab using Guid(25541392778949945b39283d1df00ee3) Importer(815301076,1909f56bfc062723c751e8b465ee728b)  -> (artifact id: '19947123e73d1e87f6215d7ee59ab8a0') in 0.012570 seconds 
  Import took 0.016216 seconds .

========================================================================
Received Import Request.
  Time since last request: 1.804995 seconds.
  path: Assets/Resources/Particle System.prefab
  artifactKey: Guid(25541392778949945b39283d1df00ee3) Importer(815301076,1909f56bfc062723c751e8b465ee728b)
Start importing Assets/Resources/Particle System.prefab using Guid(25541392778949945b39283d1df00ee3) Importer(815301076,1909f56bfc062723c751e8b465ee728b)  -> (artifact id: '9ec87db412b9dff0da5be9a11e4be761') in 0.016245 seconds 
  Import took 0.019655 seconds .

========================================================================
Received Import Request.
  Time since last request: 0.786051 seconds.
  path: Assets/Resources/Particle System.prefab
  artifactKey: Guid(25541392778949945b39283d1df00ee3) Importer(815301076,1909f56bfc062723c751e8b465ee728b)
Start importing Assets/Resources/Particle System.prefab using Guid(25541392778949945b39283d1df00ee3) Importer(815301076,1909f56bfc062723c751e8b465ee728b)  -> (artifact id: '39f30699b50002c75a4c31324af7a8b9') in 0.019038 seconds 
  Import took 0.022052 seconds .

========================================================================
Received Import Request.
  Time since last request: 0.572426 seconds.
  path: Assets/Resources/Particle System.prefab
  artifactKey: Guid(25541392778949945b39283d1df00ee3) Importer(815301076,1909f56bfc062723c751e8b465ee728b)
Start importing Assets/Resources/Particle System.prefab using Guid(25541392778949945b39283d1df00ee3) Importer(815301076,1909f56bfc062723c751e8b465ee728b)  -> (artifact id: 'db42bf3c601b8bc3046ca163ba02e911') in 0.013530 seconds 
  Import took 0.016535 seconds .

========================================================================
Received Import Request.
  Time since last request: 1.203861 seconds.
  path: Assets/Resources/Particle System.prefab
  artifactKey: Guid(25541392778949945b39283d1df00ee3) Importer(815301076,1909f56bfc062723c751e8b465ee728b)
Start importing Assets/Resources/Particle System.prefab using Guid(25541392778949945b39283d1df00ee3) Importer(815301076,1909f56bfc062723c751e8b465ee728b)  -> (artifact id: 'c754395d9a3e277039eb491617ff10c2') in 0.012637 seconds 
  Import took 0.015884 seconds .

========================================================================
Received Import Request.
  Time since last request: 1.799000 seconds.
  path: Assets/Resources/Particle System.prefab
  artifactKey: Guid(25541392778949945b39283d1df00ee3) Importer(815301076,1909f56bfc062723c751e8b465ee728b)
Start importing Assets/Resources/Particle System.prefab using Guid(25541392778949945b39283d1df00ee3) Importer(815301076,1909f56bfc062723c751e8b465ee728b)  -> (artifact id: 'bce8bd87f684120ec2a79ffcc793b0b7') in 0.015769 seconds 
  Import took 0.019795 seconds .

========================================================================
Received Import Request.
  Time since last request: 64.195388 seconds.
  path: Assets/Resources/Particle System.prefab
  artifactKey: Guid(25541392778949945b39283d1df00ee3) Importer(815301076,1909f56bfc062723c751e8b465ee728b)
Start importing Assets/Resources/Particle System.prefab using Guid(25541392778949945b39283d1df00ee3) Importer(815301076,1909f56bfc062723c751e8b465ee728b)  -> (artifact id: 'e6b2f53ee83950366e1730ce93e2a62d') in 0.013928 seconds 
  Import took 0.017087 seconds .

========================================================================
Received Import Request.
  Time since last request: 38.231776 seconds.
  path: Assets/Resources/Models/untitled.fbx
  artifactKey: Guid(2631072efee1b014a88ac7f78145472c) Importer(815301076,1909f56bfc062723c751e8b465ee728b)
Start importing Assets/Resources/Models/untitled.fbx using Guid(2631072efee1b014a88ac7f78145472c) Importer(815301076,1909f56bfc062723c751e8b465ee728b)  -> (artifact id: '3746ac984cf4cd880d8ef6bbafa85d3d') in 0.070905 seconds 
  Import took 0.073797 seconds .

========================================================================
Received Import Request.
  Time since last request: 12.843414 seconds.
  path: Assets/Resources/Particle System.prefab
  artifactKey: Guid(25541392778949945b39283d1df00ee3) Importer(815301076,1909f56bfc062723c751e8b465ee728b)
Start importing Assets/Resources/Particle System.prefab using Guid(25541392778949945b39283d1df00ee3) Importer(815301076,1909f56bfc062723c751e8b465ee728b) Particle system meshes will only work with exactly one (1) sub mesh
Particle system meshes will only work with exactly one (1) sub mesh
UnityEngine.StackTraceUtility:ExtractStackTrace ()
UnityEditor.EditorUtility:Internal_InstantiateRemoveAllNonAnimationComponentsSingle (UnityEngine.Object,UnityEngine.Vector3,UnityEngine.Quaternion)
UnityEditor.EditorUtility:InstantiateRemoveAllNonAnimationComponents (UnityEngine.Object,UnityEngine.Vector3,UnityEngine.Quaternion)
UnityEditor.EditorUtility:InstantiateForAnimatorPreview (UnityEngine.Object)
UnityEditor.GameObjectInspector/PreviewData:UpdateGameObject (UnityEngine.Object)
UnityEditor.GameObjectInspector/PreviewData:.ctor (UnityEngine.Object)
UnityEditor.GameObjectInspector:GetPreviewData ()
UnityEditor.GameObjectInspector:RenderStaticPreview (string,UnityEngine.Object[],int,int)
UnityEditor.AssetPreviewUpdater:CreatePreviewForAsset (UnityEngine.Object,UnityEngine.Object[],string)

[C:\buildslave\unity\build\Modules/ParticleSystem/ParticleSystemRenderer.cpp line 277]

 -> (artifact id: '4ab291ef06bab350bf7680bca1af747d') in 0.030466 seconds 
  Import took 0.033235 seconds .

========================================================================
Received Import Request.
  Time since last request: 0.367322 seconds.
  path: Assets/Resources/Particle System.prefab
  artifactKey: Guid(25541392778949945b39283d1df00ee3) Importer(815301076,1909f56bfc062723c751e8b465ee728b)
Start importing Assets/Resources/Particle System.prefab using Guid(25541392778949945b39283d1df00ee3) Importer(815301076,1909f56bfc062723c751e8b465ee728b) Particle system meshes will only work with exactly one (1) sub mesh
Particle system meshes will only work with exactly one (1) sub mesh
UnityEngine.StackTraceUtility:ExtractStackTrace ()
UnityEditor.EditorUtility:Internal_InstantiateRemoveAllNonAnimationComponentsSingle (UnityEngine.Object,UnityEngine.Vector3,UnityEngine.Quaternion)
UnityEditor.EditorUtility:InstantiateRemoveAllNonAnimationComponents (UnityEngine.Object,UnityEngine.Vector3,UnityEngine.Quaternion)
UnityEditor.EditorUtility:InstantiateForAnimatorPreview (UnityEngine.Object)
UnityEditor.GameObjectInspector/PreviewData:UpdateGameObject (UnityEngine.Object)
UnityEditor.GameObjectInspector/PreviewData:.ctor (UnityEngine.Object)
UnityEditor.GameObjectInspector:GetPreviewData ()
UnityEditor.GameObjectInspector:RenderStaticPreview (string,UnityEngine.Object[],int,int)
UnityEditor.AssetPreviewUpdater:CreatePreviewForAsset (UnityEngine.Object,UnityEngine.Object[],string)

[C:\buildslave\unity\build\Modules/ParticleSystem/ParticleSystemRenderer.cpp line 277]

 -> (artifact id: 'defc7fc49c22e203a8859b5c69952f84') in 0.016755 seconds 
  Import took 0.020172 seconds .

========================================================================
Received Import Request.
  Time since last request: 0.385939 seconds.
  path: Assets/Resources/Particle System.prefab
  artifactKey: Guid(25541392778949945b39283d1df00ee3) Importer(815301076,1909f56bfc062723c751e8b465ee728b)
Start importing Assets/Resources/Particle System.prefab using Guid(25541392778949945b39283d1df00ee3) Importer(815301076,1909f56bfc062723c751e8b465ee728b) Particle system meshes will only work with exactly one (1) sub mesh
Particle system meshes will only work with exactly one (1) sub mesh
UnityEngine.StackTraceUtility:ExtractStackTrace ()
UnityEditor.EditorUtility:Internal_InstantiateRemoveAllNonAnimationComponentsSingle (UnityEngine.Object,UnityEngine.Vector3,UnityEngine.Quaternion)
UnityEditor.EditorUtility:InstantiateRemoveAllNonAnimationComponents (UnityEngine.Object,UnityEngine.Vector3,UnityEngine.Quaternion)
UnityEditor.EditorUtility:InstantiateForAnimatorPreview (UnityEngine.Object)
UnityEditor.GameObjectInspector/PreviewData:UpdateGameObject (UnityEngine.Object)
UnityEditor.GameObjectInspector/PreviewData:.ctor (UnityEngine.Object)
UnityEditor.GameObjectInspector:GetPreviewData ()
UnityEditor.GameObjectInspector:RenderStaticPreview (string,UnityEngine.Object[],int,int)
UnityEditor.AssetPreviewUpdater:CreatePreviewForAsset (UnityEngine.Object,UnityEngine.Object[],string)

[C:\buildslave\unity\build\Modules/ParticleSystem/ParticleSystemRenderer.cpp line 277]

 -> (artifact id: 'b4fa7543ffcf9a7f6646e82e999a0af4') in 0.013384 seconds 
  Import took 0.016330 seconds .

========================================================================
Received Import Request.
  Time since last request: 0.392898 seconds.
  path: Assets/Resources/Particle System.prefab
  artifactKey: Guid(25541392778949945b39283d1df00ee3) Importer(815301076,1909f56bfc062723c751e8b465ee728b)
Start importing Assets/Resources/Particle System.prefab using Guid(25541392778949945b39283d1df00ee3) Importer(815301076,1909f56bfc062723c751e8b465ee728b) Particle system meshes will only work with exactly one (1) sub mesh
Particle system meshes will only work with exactly one (1) sub mesh
UnityEngine.StackTraceUtility:ExtractStackTrace ()
UnityEditor.EditorUtility:Internal_InstantiateRemoveAllNonAnimationComponentsSingle (UnityEngine.Object,UnityEngine.Vector3,UnityEngine.Quaternion)
UnityEditor.EditorUtility:InstantiateRemoveAllNonAnimationComponents (UnityEngine.Object,UnityEngine.Vector3,UnityEngine.Quaternion)
UnityEditor.EditorUtility:InstantiateForAnimatorPreview (UnityEngine.Object)
UnityEditor.GameObjectInspector/PreviewData:UpdateGameObject (UnityEngine.Object)
UnityEditor.GameObjectInspector/PreviewData:.ctor (UnityEngine.Object)
UnityEditor.GameObjectInspector:GetPreviewData ()
UnityEditor.GameObjectInspector:RenderStaticPreview (string,UnityEngine.Object[],int,int)
UnityEditor.AssetPreviewUpdater:CreatePreviewForAsset (UnityEngine.Object,UnityEngine.Object[],string)

[C:\buildslave\unity\build\Modules/ParticleSystem/ParticleSystemRenderer.cpp line 277]

 -> (artifact id: 'e34d70b0c8df587aa2e1e38e73d81548') in 0.014058 seconds 
  Import took 0.017027 seconds .

========================================================================
Received Import Request.
  Time since last request: 0.378923 seconds.
  path: Assets/Resources/Particle System.prefab
  artifactKey: Guid(25541392778949945b39283d1df00ee3) Importer(815301076,1909f56bfc062723c751e8b465ee728b)
Start importing Assets/Resources/Particle System.prefab using Guid(25541392778949945b39283d1df00ee3) Importer(815301076,1909f56bfc062723c751e8b465ee728b) Particle system meshes will only work with exactly one (1) sub mesh
Particle system meshes will only work with exactly one (1) sub mesh
UnityEngine.StackTraceUtility:ExtractStackTrace ()
UnityEditor.EditorUtility:Internal_InstantiateRemoveAllNonAnimationComponentsSingle (UnityEngine.Object,UnityEngine.Vector3,UnityEngine.Quaternion)
UnityEditor.EditorUtility:InstantiateRemoveAllNonAnimationComponents (UnityEngine.Object,UnityEngine.Vector3,UnityEngine.Quaternion)
UnityEditor.EditorUtility:InstantiateForAnimatorPreview (UnityEngine.Object)
UnityEditor.GameObjectInspector/PreviewData:UpdateGameObject (UnityEngine.Object)
UnityEditor.GameObjectInspector/PreviewData:.ctor (UnityEngine.Object)
UnityEditor.GameObjectInspector:GetPreviewData ()
UnityEditor.GameObjectInspector:RenderStaticPreview (string,UnityEngine.Object[],int,int)
UnityEditor.AssetPreviewUpdater:CreatePreviewForAsset (UnityEngine.Object,UnityEngine.Object[],string)

[C:\buildslave\unity\build\Modules/ParticleSystem/ParticleSystemRenderer.cpp line 277]

 -> (artifact id: '93ba0342aa0e0e4a467a35912d1cc2b4') in 0.022288 seconds 
  Import took 0.025403 seconds .

========================================================================
Received Import Request.
  Time since last request: 0.579048 seconds.
  path: Assets/Resources/Particle System.prefab
  artifactKey: Guid(25541392778949945b39283d1df00ee3) Importer(815301076,1909f56bfc062723c751e8b465ee728b)
Start importing Assets/Resources/Particle System.prefab using Guid(25541392778949945b39283d1df00ee3) Importer(815301076,1909f56bfc062723c751e8b465ee728b) Particle system meshes will only work with exactly one (1) sub mesh
Particle system meshes will only work with exactly one (1) sub mesh
UnityEngine.StackTraceUtility:ExtractStackTrace ()
UnityEditor.EditorUtility:Internal_InstantiateRemoveAllNonAnimationComponentsSingle (UnityEngine.Object,UnityEngine.Vector3,UnityEngine.Quaternion)
UnityEditor.EditorUtility:InstantiateRemoveAllNonAnimationComponents (UnityEngine.Object,UnityEngine.Vector3,UnityEngine.Quaternion)
UnityEditor.EditorUtility:InstantiateForAnimatorPreview (UnityEngine.Object)
UnityEditor.GameObjectInspector/PreviewData:UpdateGameObject (UnityEngine.Object)
UnityEditor.GameObjectInspector/PreviewData:.ctor (UnityEngine.Object)
UnityEditor.GameObjectInspector:GetPreviewData ()
UnityEditor.GameObjectInspector:RenderStaticPreview (string,UnityEngine.Object[],int,int)
UnityEditor.AssetPreviewUpdater:CreatePreviewForAsset (UnityEngine.Object,UnityEngine.Object[],string)

[C:\buildslave\unity\build\Modules/ParticleSystem/ParticleSystemRenderer.cpp line 277]

 -> (artifact id: '1fafb13ecd764f8d7a9146b38ce1b2a7') in 0.026492 seconds 
  Import took 0.029753 seconds .

========================================================================
Received Import Request.
  Time since last request: 0.977682 seconds.
  path: Assets/Resources/Particle System.prefab
  artifactKey: Guid(25541392778949945b39283d1df00ee3) Importer(815301076,1909f56bfc062723c751e8b465ee728b)
Start importing Assets/Resources/Particle System.prefab using Guid(25541392778949945b39283d1df00ee3) Importer(815301076,1909f56bfc062723c751e8b465ee728b) Particle system meshes will only work with exactly one (1) sub mesh
Particle system meshes will only work with exactly one (1) sub mesh
UnityEngine.StackTraceUtility:ExtractStackTrace ()
UnityEditor.EditorUtility:Internal_InstantiateRemoveAllNonAnimationComponentsSingle (UnityEngine.Object,UnityEngine.Vector3,UnityEngine.Quaternion)
UnityEditor.EditorUtility:InstantiateRemoveAllNonAnimationComponents (UnityEngine.Object,UnityEngine.Vector3,UnityEngine.Quaternion)
UnityEditor.EditorUtility:InstantiateForAnimatorPreview (UnityEngine.Object)
UnityEditor.GameObjectInspector/PreviewData:UpdateGameObject (UnityEngine.Object)
UnityEditor.GameObjectInspector/PreviewData:.ctor (UnityEngine.Object)
UnityEditor.GameObjectInspector:GetPreviewData ()
UnityEditor.GameObjectInspector:RenderStaticPreview (string,UnityEngine.Object[],int,int)
UnityEditor.AssetPreviewUpdater:CreatePreviewForAsset (UnityEngine.Object,UnityEngine.Object[],string)

[C:\buildslave\unity\build\Modules/ParticleSystem/ParticleSystemRenderer.cpp line 277]

 -> (artifact id: '6a0b8bcbbd689aa5a5829111030af885') in 0.018021 seconds 
  Import took 0.020803 seconds .

========================================================================
Received Import Request.
  Time since last request: 0.179934 seconds.
  path: Assets/Resources/Particle System.prefab
  artifactKey: Guid(25541392778949945b39283d1df00ee3) Importer(815301076,1909f56bfc062723c751e8b465ee728b)
Start importing Assets/Resources/Particle System.prefab using Guid(25541392778949945b39283d1df00ee3) Importer(815301076,1909f56bfc062723c751e8b465ee728b) Particle system meshes will only work with exactly one (1) sub mesh
Particle system meshes will only work with exactly one (1) sub mesh
UnityEngine.StackTraceUtility:ExtractStackTrace ()
UnityEditor.EditorUtility:Internal_InstantiateRemoveAllNonAnimationComponentsSingle (UnityEngine.Object,UnityEngine.Vector3,UnityEngine.Quaternion)
UnityEditor.EditorUtility:InstantiateRemoveAllNonAnimationComponents (UnityEngine.Object,UnityEngine.Vector3,UnityEngine.Quaternion)
UnityEditor.EditorUtility:InstantiateForAnimatorPreview (UnityEngine.Object)
UnityEditor.GameObjectInspector/PreviewData:UpdateGameObject (UnityEngine.Object)
UnityEditor.GameObjectInspector/PreviewData:.ctor (UnityEngine.Object)
UnityEditor.GameObjectInspector:GetPreviewData ()
UnityEditor.GameObjectInspector:RenderStaticPreview (string,UnityEngine.Object[],int,int)
UnityEditor.AssetPreviewUpdater:CreatePreviewForAsset (UnityEngine.Object,UnityEngine.Object[],string)

[C:\buildslave\unity\build\Modules/ParticleSystem/ParticleSystemRenderer.cpp line 277]

 -> (artifact id: 'bf3a1c1afbe6f5f029d7181998ebd1e7') in 0.012607 seconds 
  Import took 0.015378 seconds .

========================================================================
Received Import Request.
  Time since last request: 0.402655 seconds.
  path: Assets/Resources/Particle System.prefab
  artifactKey: Guid(25541392778949945b39283d1df00ee3) Importer(815301076,1909f56bfc062723c751e8b465ee728b)
Start importing Assets/Resources/Particle System.prefab using Guid(25541392778949945b39283d1df00ee3) Importer(815301076,1909f56bfc062723c751e8b465ee728b) Particle system meshes will only work with exactly one (1) sub mesh
Particle system meshes will only work with exactly one (1) sub mesh
UnityEngine.StackTraceUtility:ExtractStackTrace ()
UnityEditor.EditorUtility:Internal_InstantiateRemoveAllNonAnimationComponentsSingle (UnityEngine.Object,UnityEngine.Vector3,UnityEngine.Quaternion)
UnityEditor.EditorUtility:InstantiateRemoveAllNonAnimationComponents (UnityEngine.Object,UnityEngine.Vector3,UnityEngine.Quaternion)
UnityEditor.EditorUtility:InstantiateForAnimatorPreview (UnityEngine.Object)
UnityEditor.GameObjectInspector/PreviewData:UpdateGameObject (UnityEngine.Object)
UnityEditor.GameObjectInspector/PreviewData:.ctor (UnityEngine.Object)
UnityEditor.GameObjectInspector:GetPreviewData ()
UnityEditor.GameObjectInspector:RenderStaticPreview (string,UnityEngine.Object[],int,int)
UnityEditor.AssetPreviewUpdater:CreatePreviewForAsset (UnityEngine.Object,UnityEngine.Object[],string)

[C:\buildslave\unity\build\Modules/ParticleSystem/ParticleSystemRenderer.cpp line 277]

 -> (artifact id: 'f7d87dc989dca27254c9338fd5f97bd0') in 0.115261 seconds 
  Import took 0.118217 seconds .

========================================================================
Received Import Request.
  Time since last request: 0.392766 seconds.
  path: Assets/Resources/Particle System.prefab
  artifactKey: Guid(25541392778949945b39283d1df00ee3) Importer(815301076,1909f56bfc062723c751e8b465ee728b)
Start importing Assets/Resources/Particle System.prefab using Guid(25541392778949945b39283d1df00ee3) Importer(815301076,1909f56bfc062723c751e8b465ee728b) Particle system meshes will only work with exactly one (1) sub mesh
Particle system meshes will only work with exactly one (1) sub mesh
UnityEngine.StackTraceUtility:ExtractStackTrace ()
UnityEditor.EditorUtility:Internal_InstantiateRemoveAllNonAnimationComponentsSingle (UnityEngine.Object,UnityEngine.Vector3,UnityEngine.Quaternion)
UnityEditor.EditorUtility:InstantiateRemoveAllNonAnimationComponents (UnityEngine.Object,UnityEngine.Vector3,UnityEngine.Quaternion)
UnityEditor.EditorUtility:InstantiateForAnimatorPreview (UnityEngine.Object)
UnityEditor.GameObjectInspector/PreviewData:UpdateGameObject (UnityEngine.Object)
UnityEditor.GameObjectInspector/PreviewData:.ctor (UnityEngine.Object)
UnityEditor.GameObjectInspector:GetPreviewData ()
UnityEditor.GameObjectInspector:RenderStaticPreview (string,UnityEngine.Object[],int,int)
UnityEditor.AssetPreviewUpdater:CreatePreviewForAsset (UnityEngine.Object,UnityEngine.Object[],string)

[C:\buildslave\unity\build\Modules/ParticleSystem/ParticleSystemRenderer.cpp line 277]

 -> (artifact id: '1627cd508134c2ef2211792b22d71f14') in 0.130844 seconds 
  Import took 0.133925 seconds .

========================================================================
Received Import Request.
  Time since last request: 0.000211 seconds.
  path: Assets/Resources/Particle System.prefab
  artifactKey: Guid(25541392778949945b39283d1df00ee3) Importer(815301076,1909f56bfc062723c751e8b465ee728b)
Start importing Assets/Resources/Particle System.prefab using Guid(25541392778949945b39283d1df00ee3) Importer(815301076,1909f56bfc062723c751e8b465ee728b) Particle system meshes will only work with exactly one (1) sub mesh
Particle system meshes will only work with exactly one (1) sub mesh
UnityEngine.StackTraceUtility:ExtractStackTrace ()
UnityEditor.EditorUtility:Internal_InstantiateRemoveAllNonAnimationComponentsSingle (UnityEngine.Object,UnityEngine.Vector3,UnityEngine.Quaternion)
UnityEditor.EditorUtility:InstantiateRemoveAllNonAnimationComponents (UnityEngine.Object,UnityEngine.Vector3,UnityEngine.Quaternion)
UnityEditor.EditorUtility:InstantiateForAnimatorPreview (UnityEngine.Object)
UnityEditor.GameObjectInspector/PreviewData:UpdateGameObject (UnityEngine.Object)
UnityEditor.GameObjectInspector/PreviewData:.ctor (UnityEngine.Object)
UnityEditor.GameObjectInspector:GetPreviewData ()
UnityEditor.GameObjectInspector:RenderStaticPreview (string,UnityEngine.Object[],int,int)
UnityEditor.AssetPreviewUpdater:CreatePreviewForAsset (UnityEngine.Object,UnityEngine.Object[],string)

[C:\buildslave\unity\build\Modules/ParticleSystem/ParticleSystemRenderer.cpp line 277]

 -> (artifact id: '6389b84f4635021108a9186f579fa1c5') in 0.013447 seconds 
  Import took 0.016425 seconds .

========================================================================
Received Import Request.
  Time since last request: 4.648185 seconds.
  path: Assets/Resources/Prefabs/untitled Variant.prefab
  artifactKey: Guid(ab1e8d78aeeb29647823bae09451055c) Importer(815301076,1909f56bfc062723c751e8b465ee728b)
Start importing Assets/Resources/Prefabs/untitled Variant.prefab using Guid(ab1e8d78aeeb29647823bae09451055c) Importer(815301076,1909f56bfc062723c751e8b465ee728b)  -> (artifact id: 'a6941bf306125ea17c557137e16520ed') in 0.013153 seconds 
  Import took 0.020747 seconds .

========================================================================
Received Import Request.
  Time since last request: 41.320843 seconds.
  path: Assets/Resources/Prefabs/untitled Variant.prefab
  artifactKey: Guid(ab1e8d78aeeb29647823bae09451055c) Importer(815301076,1909f56bfc062723c751e8b465ee728b)
Start importing Assets/Resources/Prefabs/untitled Variant.prefab using Guid(ab1e8d78aeeb29647823bae09451055c) Importer(815301076,1909f56bfc062723c751e8b465ee728b)  -> (artifact id: '3fc249a95194544d664015ef3d4a27f7') in 0.004343 seconds 
  Import took 0.011810 seconds .

========================================================================
Received Import Request.
  Time since last request: 332.390368 seconds.
  path: Assets/Resources/lolkek.fbx
  artifactKey: Guid(d19a20239e040d54eae965b0f44144e2) Importer(815301076,1909f56bfc062723c751e8b465ee728b)
Start importing Assets/Resources/lolkek.fbx using Guid(d19a20239e040d54eae965b0f44144e2) Importer(815301076,1909f56bfc062723c751e8b465ee728b)  -> (artifact id: 'c1026aed40a842db23ad907bf2e22d3d') in 0.017344 seconds 
  Import took 0.024739 seconds .

========================================================================
Received Import Request.
  Time since last request: 15.588128 seconds.
  path: Assets/Resources/Particle System.prefab
  artifactKey: Guid(25541392778949945b39283d1df00ee3) Importer(815301076,1909f56bfc062723c751e8b465ee728b)
Start importing Assets/Resources/Particle System.prefab using Guid(25541392778949945b39283d1df00ee3) Importer(815301076,1909f56bfc062723c751e8b465ee728b)  -> (artifact id: '06d2f3f2750daa54669c224b64d8c1bf') in 0.013202 seconds 
  Import took 0.015923 seconds .

========================================================================
Received Import Request.
  Time since last request: 0.394091 seconds.
  path: Assets/Resources/Particle System.prefab
  artifactKey: Guid(25541392778949945b39283d1df00ee3) Importer(815301076,1909f56bfc062723c751e8b465ee728b)
Start importing Assets/Resources/Particle System.prefab using Guid(25541392778949945b39283d1df00ee3) Importer(815301076,1909f56bfc062723c751e8b465ee728b)  -> (artifact id: '6938d8be8896f727ad7fcda33e92945e') in 0.020361 seconds 
  Import took 0.023383 seconds .

========================================================================
Received Import Request.
  Time since last request: 20.560857 seconds.
  path: Assets/Resources/Particle System.prefab
  artifactKey: Guid(25541392778949945b39283d1df00ee3) Importer(815301076,1909f56bfc062723c751e8b465ee728b)
Start importing Assets/Resources/Particle System.prefab using Guid(25541392778949945b39283d1df00ee3) Importer(815301076,1909f56bfc062723c751e8b465ee728b)  -> (artifact id: 'e923c7f4e95671b8037e67e3d457b80f') in 0.018001 seconds 
  Import took 0.021767 seconds .

========================================================================
Received Import Request.
  Time since last request: 2.409338 seconds.
  path: Assets/Resources/Particle System.prefab
  artifactKey: Guid(25541392778949945b39283d1df00ee3) Importer(815301076,1909f56bfc062723c751e8b465ee728b)
Start importing Assets/Resources/Particle System.prefab using Guid(25541392778949945b39283d1df00ee3) Importer(815301076,1909f56bfc062723c751e8b465ee728b)  -> (artifact id: '92eff7fd865497a57159db8900f7dd15') in 0.012509 seconds 
  Import took 0.015440 seconds .

========================================================================
Received Import Request.
  Time since last request: 0.584059 seconds.
  path: Assets/Resources/Particle System.prefab
  artifactKey: Guid(25541392778949945b39283d1df00ee3) Importer(815301076,1909f56bfc062723c751e8b465ee728b)
Start importing Assets/Resources/Particle System.prefab using Guid(25541392778949945b39283d1df00ee3) Importer(815301076,1909f56bfc062723c751e8b465ee728b)  -> (artifact id: '7fe164a9c5fd8ae34f65ef858fa3c9ee') in 0.013340 seconds 
  Import took 0.017129 seconds .

========================================================================
Received Import Request.
  Time since last request: 105.329299 seconds.
  path: Assets/Resources/Part1.fbx
  artifactKey: Guid(38e789a692648064b846f825ff1390d4) Importer(815301076,1909f56bfc062723c751e8b465ee728b)
Start importing Assets/Resources/Part1.fbx using Guid(38e789a692648064b846f825ff1390d4) Importer(815301076,1909f56bfc062723c751e8b465ee728b)  -> (artifact id: '92b9f6ee1b8cbb9bae874f38c34f642c') in 0.018499 seconds 
  Import took 0.021196 seconds .

========================================================================
Received Import Request.
  Time since last request: 10.703148 seconds.
  path: Assets/Resources/Particle System.prefab
  artifactKey: Guid(25541392778949945b39283d1df00ee3) Importer(815301076,1909f56bfc062723c751e8b465ee728b)
Start importing Assets/Resources/Particle System.prefab using Guid(25541392778949945b39283d1df00ee3) Importer(815301076,1909f56bfc062723c751e8b465ee728b)  -> (artifact id: 'd801a7dc213762df2cdd6ad7bd018151') in 0.013388 seconds 
  Import took 0.016129 seconds .

========================================================================
Received Import Request.
  Time since last request: 21.693093 seconds.
  path: Assets/Resources/Part1.fbx
  artifactKey: Guid(38e789a692648064b846f825ff1390d4) Importer(815301076,1909f56bfc062723c751e8b465ee728b)
Start importing Assets/Resources/Part1.fbx using Guid(38e789a692648064b846f825ff1390d4) Importer(815301076,1909f56bfc062723c751e8b465ee728b)  -> (artifact id: 'ab5b64103aa2bc7d75681964136847da') in 0.016320 seconds 
  Import took 0.019400 seconds .

========================================================================
Received Import Request.
  Time since last request: 10.621715 seconds.
  path: Assets/Resources/Part1.fbx
  artifactKey: Guid(38e789a692648064b846f825ff1390d4) Importer(815301076,1909f56bfc062723c751e8b465ee728b)
Start importing Assets/Resources/Part1.fbx using Guid(38e789a692648064b846f825ff1390d4) Importer(815301076,1909f56bfc062723c751e8b465ee728b)  -> (artifact id: '726f4688f87e03772eb004da6ed34ae1') in 0.018569 seconds 
  Import took 0.021989 seconds .

========================================================================
Received Import Request.
  Time since last request: 164.745064 seconds.
  path: Assets/Resources/Part11.fbx
  artifactKey: Guid(75b81cd5fe0e47848a3cf601e451415f) Importer(815301076,1909f56bfc062723c751e8b465ee728b)
Start importing Assets/Resources/Part11.fbx using Guid(75b81cd5fe0e47848a3cf601e451415f) Importer(815301076,1909f56bfc062723c751e8b465ee728b)  -> (artifact id: '7a161e20dde461031364007102f8aaae') in 0.030992 seconds 
  Import took 0.033930 seconds .

========================================================================
Received Import Request.
  Time since last request: 11.978139 seconds.
  path: Assets/Resources/Particle System.prefab
  artifactKey: Guid(25541392778949945b39283d1df00ee3) Importer(815301076,1909f56bfc062723c751e8b465ee728b)
Start importing Assets/Resources/Particle System.prefab using Guid(25541392778949945b39283d1df00ee3) Importer(815301076,1909f56bfc062723c751e8b465ee728b) Particle system meshes will only work with exactly one (1) sub mesh
Particle system meshes will only work with exactly one (1) sub mesh
UnityEngine.StackTraceUtility:ExtractStackTrace ()
UnityEditor.EditorUtility:Internal_InstantiateRemoveAllNonAnimationComponentsSingle (UnityEngine.Object,UnityEngine.Vector3,UnityEngine.Quaternion)
UnityEditor.EditorUtility:InstantiateRemoveAllNonAnimationComponents (UnityEngine.Object,UnityEngine.Vector3,UnityEngine.Quaternion)
UnityEditor.EditorUtility:InstantiateForAnimatorPreview (UnityEngine.Object)
UnityEditor.GameObjectInspector/PreviewData:UpdateGameObject (UnityEngine.Object)
UnityEditor.GameObjectInspector/PreviewData:.ctor (UnityEngine.Object)
UnityEditor.GameObjectInspector:GetPreviewData ()
UnityEditor.GameObjectInspector:RenderStaticPreview (string,UnityEngine.Object[],int,int)
UnityEditor.AssetPreviewUpdater:CreatePreviewForAsset (UnityEngine.Object,UnityEngine.Object[],string)

[C:\buildslave\unity\build\Modules/ParticleSystem/ParticleSystemRenderer.cpp line 277]

 -> (artifact id: '7f01d9ba86e8b95b109f2427c82f89cd') in 0.013532 seconds 
  Import took 0.016550 seconds .

========================================================================
Received Import Request.
  Time since last request: 26.971808 seconds.
  path: Assets/Resources/Part11.fbx
  artifactKey: Guid(75b81cd5fe0e47848a3cf601e451415f) Importer(815301076,1909f56bfc062723c751e8b465ee728b)
Start importing Assets/Resources/Part11.fbx using Guid(75b81cd5fe0e47848a3cf601e451415f) Importer(815301076,1909f56bfc062723c751e8b465ee728b)  -> (artifact id: 'fcee1c15a782227f99e6982801b605c8') in 0.024739 seconds 
  Import took 0.027566 seconds .

========================================================================
Received Import Request.
  Time since last request: 51.614467 seconds.
  path: Assets/Resources/Part11.fbx
  artifactKey: Guid(75b81cd5fe0e47848a3cf601e451415f) Importer(815301076,1909f56bfc062723c751e8b465ee728b)
Start importing Assets/Resources/Part11.fbx using Guid(75b81cd5fe0e47848a3cf601e451415f) Importer(815301076,1909f56bfc062723c751e8b465ee728b)  -> (artifact id: 'a9137b87df4a5ebd8251ecf4a5d7ae7a') in 0.019047 seconds 
  Import took 0.021825 seconds .

========================================================================
Received Import Request.
  Time since last request: 20.853644 seconds.
  path: Assets/Resources/Part11.fbx
  artifactKey: Guid(75b81cd5fe0e47848a3cf601e451415f) Importer(815301076,1909f56bfc062723c751e8b465ee728b)
Start importing Assets/Resources/Part11.fbx using Guid(75b81cd5fe0e47848a3cf601e451415f) Importer(815301076,1909f56bfc062723c751e8b465ee728b)  -> (artifact id: 'e8c124dc450350ca0c4ee44e1a095bfa') in 0.016146 seconds 
  Import took 0.019638 seconds .

========================================================================
Received Import Request.
  Time since last request: 8.662995 seconds.
  path: Assets/Resources/Part11.fbx
  artifactKey: Guid(75b81cd5fe0e47848a3cf601e451415f) Importer(815301076,1909f56bfc062723c751e8b465ee728b)
Start importing Assets/Resources/Part11.fbx using Guid(75b81cd5fe0e47848a3cf601e451415f) Importer(815301076,1909f56bfc062723c751e8b465ee728b)  -> (artifact id: 'c2adda67ae192674e8561be35eae8c91') in 0.022902 seconds 
  Import took 0.025774 seconds .

========================================================================
Received Import Request.
  Time since last request: 2.580859 seconds.
  path: Assets/Resources/Part11.fbx
  artifactKey: Guid(75b81cd5fe0e47848a3cf601e451415f) Importer(815301076,1909f56bfc062723c751e8b465ee728b)
Start importing Assets/Resources/Part11.fbx using Guid(75b81cd5fe0e47848a3cf601e451415f) Importer(815301076,1909f56bfc062723c751e8b465ee728b)  -> (artifact id: 'ef5d6ef6a83c6e84546c82900deea337') in 0.016182 seconds 
  Import took 0.019403 seconds .

========================================================================
Received Import Request.
  Time since last request: 2.149156 seconds.
  path: Assets/Resources/Part11.fbx
  artifactKey: Guid(75b81cd5fe0e47848a3cf601e451415f) Importer(815301076,1909f56bfc062723c751e8b465ee728b)
Start importing Assets/Resources/Part11.fbx using Guid(75b81cd5fe0e47848a3cf601e451415f) Importer(815301076,1909f56bfc062723c751e8b465ee728b)  -> (artifact id: '6f33d1ddce3ee47a88a950fe328ea6f4') in 0.019813 seconds 
  Import took 0.023378 seconds .

========================================================================
Received Import Request.
  Time since last request: 7.892567 seconds.
  path: Assets/Resources/Particle System.prefab
  artifactKey: Guid(25541392778949945b39283d1df00ee3) Importer(815301076,1909f56bfc062723c751e8b465ee728b)
Start importing Assets/Resources/Particle System.prefab using Guid(25541392778949945b39283d1df00ee3) Importer(815301076,1909f56bfc062723c751e8b465ee728b) Particle system meshes will only work with exactly one (1) sub mesh
Particle system meshes will only work with exactly one (1) sub mesh
UnityEngine.StackTraceUtility:ExtractStackTrace ()
UnityEditor.EditorUtility:Internal_InstantiateRemoveAllNonAnimationComponentsSingle (UnityEngine.Object,UnityEngine.Vector3,UnityEngine.Quaternion)
UnityEditor.EditorUtility:InstantiateRemoveAllNonAnimationComponents (UnityEngine.Object,UnityEngine.Vector3,UnityEngine.Quaternion)
UnityEditor.EditorUtility:InstantiateForAnimatorPreview (UnityEngine.Object)
UnityEditor.GameObjectInspector/PreviewData:UpdateGameObject (UnityEngine.Object)
UnityEditor.GameObjectInspector/PreviewData:.ctor (UnityEngine.Object)
UnityEditor.GameObjectInspector:GetPreviewData ()
UnityEditor.GameObjectInspector:RenderStaticPreview (string,UnityEngine.Object[],int,int)
UnityEditor.AssetPreviewUpdater:CreatePreviewForAsset (UnityEngine.Object,UnityEngine.Object[],string)

[C:\buildslave\unity\build\Modules/ParticleSystem/ParticleSystemRenderer.cpp line 277]

 -> (artifact id: '9ee48bf1b36e6b50b9b83b3ab227e27d') in 0.013862 seconds 
  Import took 0.016693 seconds .

========================================================================
Received Import Request.
  Time since last request: 3.725741 seconds.
  path: Assets/Resources/Particle System.prefab
  artifactKey: Guid(25541392778949945b39283d1df00ee3) Importer(815301076,1909f56bfc062723c751e8b465ee728b)
Start importing Assets/Resources/Particle System.prefab using Guid(25541392778949945b39283d1df00ee3) Importer(815301076,1909f56bfc062723c751e8b465ee728b) Particle system meshes will only work with exactly one (1) sub mesh
Particle system meshes will only work with exactly one (1) sub mesh
UnityEngine.StackTraceUtility:ExtractStackTrace ()
UnityEditor.EditorUtility:Internal_InstantiateRemoveAllNonAnimationComponentsSingle (UnityEngine.Object,UnityEngine.Vector3,UnityEngine.Quaternion)
UnityEditor.EditorUtility:InstantiateRemoveAllNonAnimationComponents (UnityEngine.Object,UnityEngine.Vector3,UnityEngine.Quaternion)
UnityEditor.EditorUtility:InstantiateForAnimatorPreview (UnityEngine.Object)
UnityEditor.GameObjectInspector/PreviewData:UpdateGameObject (UnityEngine.Object)
UnityEditor.GameObjectInspector/PreviewData:.ctor (UnityEngine.Object)
UnityEditor.GameObjectInspector:GetPreviewData ()
UnityEditor.GameObjectInspector:RenderStaticPreview (string,UnityEngine.Object[],int,int)
UnityEditor.AssetPreviewUpdater:CreatePreviewForAsset (UnityEngine.Object,UnityEngine.Object[],string)

[C:\buildslave\unity\build\Modules/ParticleSystem/ParticleSystemRenderer.cpp line 277]

 -> (artifact id: '83e25666a9cd3ccfa8b4ada3097204f7') in 0.014913 seconds 
  Import took 0.018404 seconds .

